Performing C SOURCE FILE Test CMAKE_HAVE_LIBC_PTHREAD failed with the following output:
Change Dir: /code/Kuiperdatawhale/course2/build/CMakeFiles/CMakeTmp

Run Build Command(s):/usr/bin/make cmTC_1ceae/fast && /usr/bin/make -f CMakeFiles/cmTC_1ceae.dir/build.make CMakeFiles/cmTC_1ceae.dir/build
make[1]: Entering directory '/code/Kuiperdatawhale/course2/build/CMakeFiles/CMakeTmp'
Building C object CMakeFiles/cmTC_1ceae.dir/src.c.o
/usr/bin/gcc   -DCMAKE_HAVE_LIBC_PTHREAD   -o CMakeFiles/cmTC_1ceae.dir/src.c.o   -c /code/Kuiperdatawhale/course2/build/CMakeFiles/CMakeTmp/src.c
Linking C executable cmTC_1ceae
/usr/bin/cmake -E cmake_link_script CMakeFiles/cmTC_1ceae.dir/link.txt --verbose=1
/usr/bin/gcc  -DCMAKE_HAVE_LIBC_PTHREAD    CMakeFiles/cmTC_1ceae.dir/src.c.o  -o cmTC_1ceae 
/usr/bin/ld: CMakeFiles/cmTC_1ceae.dir/src.c.o: in function `main':
src.c:(.text+0x46): undefined reference to `pthread_create'
/usr/bin/ld: src.c:(.text+0x52): undefined reference to `pthread_detach'
/usr/bin/ld: src.c:(.text+0x63): undefined reference to `pthread_join'
collect2: error: ld returned 1 exit status
make[1]: *** [CMakeFiles/cmTC_1ceae.dir/build.make:87: cmTC_1ceae] Error 1
make[1]: Leaving directory '/code/Kuiperdatawhale/course2/build/CMakeFiles/CMakeTmp'
make: *** [Makefile:121: cmTC_1ceae/fast] Error 2


Source file was:
#include <pthread.h>

void* test_func(void* data)
{
  return data;
}

int main(void)
{
  pthread_t thread;
  pthread_create(&thread, NULL, test_func, NULL);
  pthread_detach(thread);
  pthread_join(thread, NULL);
  pthread_atfork(NULL, NULL, NULL);
  pthread_exit(NULL);

  return 0;
}

Determining if the function pthread_create exists in the pthreads failed with the following output:
Change Dir: /code/Kuiperdatawhale/course2/build/CMakeFiles/CMakeTmp

Run Build Command(s):/usr/bin/make cmTC_43c38/fast && /usr/bin/make -f CMakeFiles/cmTC_43c38.dir/build.make CMakeFiles/cmTC_43c38.dir/build
make[1]: Entering directory '/code/Kuiperdatawhale/course2/build/CMakeFiles/CMakeTmp'
Building C object CMakeFiles/cmTC_43c38.dir/CheckFunctionExists.c.o
/usr/bin/gcc   -DCHECK_FUNCTION_EXISTS=pthread_create   -o CMakeFiles/cmTC_43c38.dir/CheckFunctionExists.c.o   -c /usr/share/cmake-3.16/Modules/CheckFunctionExists.c
Linking C executable cmTC_43c38
/usr/bin/cmake -E cmake_link_script CMakeFiles/cmTC_43c38.dir/link.txt --verbose=1
/usr/bin/gcc  -DCHECK_FUNCTION_EXISTS=pthread_create    CMakeFiles/cmTC_43c38.dir/CheckFunctionExists.c.o  -o cmTC_43c38  -lpthreads 
/usr/bin/ld: cannot find -lpthreads
collect2: error: ld returned 1 exit status
make[1]: *** [CMakeFiles/cmTC_43c38.dir/build.make:87: cmTC_43c38] Error 1
make[1]: Leaving directory '/code/Kuiperdatawhale/course2/build/CMakeFiles/CMakeTmp'
make: *** [Makefile:121: cmTC_43c38/fast] Error 2



Determining if the function sgemm_ exists failed with the following output:
Change Dir: /code/Kuiperdatawhale/course2/build/CMakeFiles/CMakeTmp

Run Build Command(s):/usr/bin/make cmTC_991a3/fast && /usr/bin/make -f CMakeFiles/cmTC_991a3.dir/build.make CMakeFiles/cmTC_991a3.dir/build
make[1]: Entering directory '/code/Kuiperdatawhale/course2/build/CMakeFiles/CMakeTmp'
Building C object CMakeFiles/cmTC_991a3.dir/CheckFunctionExists.c.o
/usr/bin/gcc   -DCHECK_FUNCTION_EXISTS=sgemm_   -o CMakeFiles/cmTC_991a3.dir/CheckFunctionExists.c.o   -c /usr/share/cmake-3.16/Modules/CheckFunctionExists.c
Linking C executable cmTC_991a3
/usr/bin/cmake -E cmake_link_script CMakeFiles/cmTC_991a3.dir/link.txt --verbose=1
/usr/bin/gcc  -DCHECK_FUNCTION_EXISTS=sgemm_    CMakeFiles/cmTC_991a3.dir/CheckFunctionExists.c.o  -o cmTC_991a3 
/usr/bin/ld: CMakeFiles/cmTC_991a3.dir/CheckFunctionExists.c.o: in function `main':
CheckFunctionExists.c:(.text+0x14): undefined reference to `sgemm_'
collect2: error: ld returned 1 exit status
make[1]: *** [CMakeFiles/cmTC_991a3.dir/build.make:87: cmTC_991a3] Error 1
make[1]: Leaving directory '/code/Kuiperdatawhale/course2/build/CMakeFiles/CMakeTmp'
make: *** [Makefile:121: cmTC_991a3/fast] Error 2



