Performing C SOURCE FILE Test CMAKE_HAVE_LIBC_PTHREAD failed with the following output:
Change Dir: /code/Kuiperdatawhale/course1/build/CMakeFiles/CMakeTmp

Run Build Command(s):/usr/bin/make cmTC_daced/fast && /usr/bin/make -f CMakeFiles/cmTC_daced.dir/build.make CMakeFiles/cmTC_daced.dir/build
make[1]: Entering directory '/code/Kuiperdatawhale/course1/build/CMakeFiles/CMakeTmp'
Building C object CMakeFiles/cmTC_daced.dir/src.c.o
/usr/bin/gcc   -DCMAKE_HAVE_LIBC_PTHREAD   -o CMakeFiles/cmTC_daced.dir/src.c.o   -c /code/Kuiperdatawhale/course1/build/CMakeFiles/CMakeTmp/src.c
Linking C executable cmTC_daced
/usr/bin/cmake -E cmake_link_script CMakeFiles/cmTC_daced.dir/link.txt --verbose=1
/usr/bin/gcc  -DCMAKE_HAVE_LIBC_PTHREAD    CMakeFiles/cmTC_daced.dir/src.c.o  -o cmTC_daced 
/usr/bin/ld: CMakeFiles/cmTC_daced.dir/src.c.o: in function `main':
src.c:(.text+0x46): undefined reference to `pthread_create'
/usr/bin/ld: src.c:(.text+0x52): undefined reference to `pthread_detach'
/usr/bin/ld: src.c:(.text+0x63): undefined reference to `pthread_join'
collect2: error: ld returned 1 exit status
make[1]: *** [CMakeFiles/cmTC_daced.dir/build.make:87: cmTC_daced] Error 1
make[1]: Leaving directory '/code/Kuiperdatawhale/course1/build/CMakeFiles/CMakeTmp'
make: *** [Makefile:121: cmTC_daced/fast] Error 2


Source file was:
#include <pthread.h>

void* test_func(void* data)
{
  return data;
}

int main(void)
{
  pthread_t thread;
  pthread_create(&thread, NULL, test_func, NULL);
  pthread_detach(thread);
  pthread_join(thread, NULL);
  pthread_atfork(NULL, NULL, NULL);
  pthread_exit(NULL);

  return 0;
}

Determining if the function pthread_create exists in the pthreads failed with the following output:
Change Dir: /code/Kuiperdatawhale/course1/build/CMakeFiles/CMakeTmp

Run Build Command(s):/usr/bin/make cmTC_a3e15/fast && /usr/bin/make -f CMakeFiles/cmTC_a3e15.dir/build.make CMakeFiles/cmTC_a3e15.dir/build
make[1]: Entering directory '/code/Kuiperdatawhale/course1/build/CMakeFiles/CMakeTmp'
Building C object CMakeFiles/cmTC_a3e15.dir/CheckFunctionExists.c.o
/usr/bin/gcc   -DCHECK_FUNCTION_EXISTS=pthread_create   -o CMakeFiles/cmTC_a3e15.dir/CheckFunctionExists.c.o   -c /usr/share/cmake-3.16/Modules/CheckFunctionExists.c
Linking C executable cmTC_a3e15
/usr/bin/cmake -E cmake_link_script CMakeFiles/cmTC_a3e15.dir/link.txt --verbose=1
/usr/bin/gcc  -DCHECK_FUNCTION_EXISTS=pthread_create    CMakeFiles/cmTC_a3e15.dir/CheckFunctionExists.c.o  -o cmTC_a3e15  -lpthreads 
/usr/bin/ld: cannot find -lpthreads
collect2: error: ld returned 1 exit status
make[1]: *** [CMakeFiles/cmTC_a3e15.dir/build.make:87: cmTC_a3e15] Error 1
make[1]: Leaving directory '/code/Kuiperdatawhale/course1/build/CMakeFiles/CMakeTmp'
make: *** [Makefile:121: cmTC_a3e15/fast] Error 2



Determining if the function sgemm_ exists failed with the following output:
Change Dir: /code/Kuiperdatawhale/course1/build/CMakeFiles/CMakeTmp

Run Build Command(s):/usr/bin/make cmTC_f399e/fast && /usr/bin/make -f CMakeFiles/cmTC_f399e.dir/build.make CMakeFiles/cmTC_f399e.dir/build
make[1]: Entering directory '/code/Kuiperdatawhale/course1/build/CMakeFiles/CMakeTmp'
Building C object CMakeFiles/cmTC_f399e.dir/CheckFunctionExists.c.o
/usr/bin/gcc   -DCHECK_FUNCTION_EXISTS=sgemm_   -o CMakeFiles/cmTC_f399e.dir/CheckFunctionExists.c.o   -c /usr/share/cmake-3.16/Modules/CheckFunctionExists.c
Linking C executable cmTC_f399e
/usr/bin/cmake -E cmake_link_script CMakeFiles/cmTC_f399e.dir/link.txt --verbose=1
/usr/bin/gcc  -DCHECK_FUNCTION_EXISTS=sgemm_    CMakeFiles/cmTC_f399e.dir/CheckFunctionExists.c.o  -o cmTC_f399e 
/usr/bin/ld: CMakeFiles/cmTC_f399e.dir/CheckFunctionExists.c.o: in function `main':
CheckFunctionExists.c:(.text+0x14): undefined reference to `sgemm_'
collect2: error: ld returned 1 exit status
make[1]: *** [CMakeFiles/cmTC_f399e.dir/build.make:87: cmTC_f399e] Error 1
make[1]: Leaving directory '/code/Kuiperdatawhale/course1/build/CMakeFiles/CMakeTmp'
make: *** [Makefile:121: cmTC_f399e/fast] Error 2



