Performing C SOURCE FILE Test CMAKE_HAVE_LIBC_PTHREAD failed with the following output:
Change Dir: /code/Kuiperdatawhale/course3/build/CMakeFiles/CMakeTmp

Run Build Command(s):/usr/bin/make cmTC_4d0f6/fast && /usr/bin/make -f CMakeFiles/cmTC_4d0f6.dir/build.make CMakeFiles/cmTC_4d0f6.dir/build
make[1]: Entering directory '/code/Kuiperdatawhale/course3/build/CMakeFiles/CMakeTmp'
Building C object CMakeFiles/cmTC_4d0f6.dir/src.c.o
/usr/bin/gcc   -DCMAKE_HAVE_LIBC_PTHREAD   -o CMakeFiles/cmTC_4d0f6.dir/src.c.o   -c /code/Kuiperdatawhale/course3/build/CMakeFiles/CMakeTmp/src.c
Linking C executable cmTC_4d0f6
/usr/bin/cmake -E cmake_link_script CMakeFiles/cmTC_4d0f6.dir/link.txt --verbose=1
/usr/bin/gcc  -DCMAKE_HAVE_LIBC_PTHREAD    CMakeFiles/cmTC_4d0f6.dir/src.c.o  -o cmTC_4d0f6 
/usr/bin/ld: CMakeFiles/cmTC_4d0f6.dir/src.c.o: in function `main':
src.c:(.text+0x46): undefined reference to `pthread_create'
/usr/bin/ld: src.c:(.text+0x52): undefined reference to `pthread_detach'
/usr/bin/ld: src.c:(.text+0x63): undefined reference to `pthread_join'
collect2: error: ld returned 1 exit status
make[1]: *** [CMakeFiles/cmTC_4d0f6.dir/build.make:87: cmTC_4d0f6] Error 1
make[1]: Leaving directory '/code/Kuiperdatawhale/course3/build/CMakeFiles/CMakeTmp'
make: *** [Makefile:121: cmTC_4d0f6/fast] Error 2


Source file was:
#include <pthread.h>

void* test_func(void* data)
{
  return data;
}

int main(void)
{
  pthread_t thread;
  pthread_create(&thread, NULL, test_func, NULL);
  pthread_detach(thread);
  pthread_join(thread, NULL);
  pthread_atfork(NULL, NULL, NULL);
  pthread_exit(NULL);

  return 0;
}

Determining if the function pthread_create exists in the pthreads failed with the following output:
Change Dir: /code/Kuiperdatawhale/course3/build/CMakeFiles/CMakeTmp

Run Build Command(s):/usr/bin/make cmTC_e447d/fast && /usr/bin/make -f CMakeFiles/cmTC_e447d.dir/build.make CMakeFiles/cmTC_e447d.dir/build
make[1]: Entering directory '/code/Kuiperdatawhale/course3/build/CMakeFiles/CMakeTmp'
Building C object CMakeFiles/cmTC_e447d.dir/CheckFunctionExists.c.o
/usr/bin/gcc   -DCHECK_FUNCTION_EXISTS=pthread_create   -o CMakeFiles/cmTC_e447d.dir/CheckFunctionExists.c.o   -c /usr/share/cmake-3.16/Modules/CheckFunctionExists.c
Linking C executable cmTC_e447d
/usr/bin/cmake -E cmake_link_script CMakeFiles/cmTC_e447d.dir/link.txt --verbose=1
/usr/bin/gcc  -DCHECK_FUNCTION_EXISTS=pthread_create    CMakeFiles/cmTC_e447d.dir/CheckFunctionExists.c.o  -o cmTC_e447d  -lpthreads 
/usr/bin/ld: cannot find -lpthreads
collect2: error: ld returned 1 exit status
make[1]: *** [CMakeFiles/cmTC_e447d.dir/build.make:87: cmTC_e447d] Error 1
make[1]: Leaving directory '/code/Kuiperdatawhale/course3/build/CMakeFiles/CMakeTmp'
make: *** [Makefile:121: cmTC_e447d/fast] Error 2



Determining if the function sgemm_ exists failed with the following output:
Change Dir: /code/Kuiperdatawhale/course3/build/CMakeFiles/CMakeTmp

Run Build Command(s):/usr/bin/make cmTC_b93ab/fast && /usr/bin/make -f CMakeFiles/cmTC_b93ab.dir/build.make CMakeFiles/cmTC_b93ab.dir/build
make[1]: Entering directory '/code/Kuiperdatawhale/course3/build/CMakeFiles/CMakeTmp'
Building C object CMakeFiles/cmTC_b93ab.dir/CheckFunctionExists.c.o
/usr/bin/gcc   -DCHECK_FUNCTION_EXISTS=sgemm_   -o CMakeFiles/cmTC_b93ab.dir/CheckFunctionExists.c.o   -c /usr/share/cmake-3.16/Modules/CheckFunctionExists.c
Linking C executable cmTC_b93ab
/usr/bin/cmake -E cmake_link_script CMakeFiles/cmTC_b93ab.dir/link.txt --verbose=1
/usr/bin/gcc  -DCHECK_FUNCTION_EXISTS=sgemm_    CMakeFiles/cmTC_b93ab.dir/CheckFunctionExists.c.o  -o cmTC_b93ab 
/usr/bin/ld: CMakeFiles/cmTC_b93ab.dir/CheckFunctionExists.c.o: in function `main':
CheckFunctionExists.c:(.text+0x14): undefined reference to `sgemm_'
collect2: error: ld returned 1 exit status
make[1]: *** [CMakeFiles/cmTC_b93ab.dir/build.make:87: cmTC_b93ab] Error 1
make[1]: Leaving directory '/code/Kuiperdatawhale/course3/build/CMakeFiles/CMakeTmp'
make: *** [Makefile:121: cmTC_b93ab/fast] Error 2



